[debug] [2025-05-30T14:12:42.753Z] ----------------------------------------------------------------------
[debug] [2025-05-30T14:12:42.755Z] Command:       C:\Program Files\nodejs\node.exe C:\Users\Administrator\AppData\Roaming\npm\node_modules\firebase-tools\lib\bin\firebase.js init
[debug] [2025-05-30T14:12:42.755Z] CLI Version:   14.5.0
[debug] [2025-05-30T14:12:42.756Z] Platform:      win32
[debug] [2025-05-30T14:12:42.756Z] Node Version:  v22.14.0
[debug] [2025-05-30T14:12:42.756Z] Time:          Fri May 30 2025 20:12:42 GMT+0600 (Bangladesh Standard Time)
[debug] [2025-05-30T14:12:42.756Z] ----------------------------------------------------------------------
[debug] 
[debug] [2025-05-30T14:12:42.760Z] > command requires scopes: ["email","openid","https://www.googleapis.com/auth/cloudplatformprojects.readonly","https://www.googleapis.com/auth/firebase","https://www.googleapis.com/auth/cloud-platform"]
[debug] [2025-05-30T14:12:42.760Z] > authorizing via signed-in user (saddamsagar02@gmail.com)
[info] 
     ######## #### ########  ######## ########     ###     ######  ########
     ##        ##  ##     ## ##       ##     ##  ##   ##  ##       ##
     ######    ##  ########  ######   ########  #########  ######  ######
     ##        ##  ##    ##  ##       ##     ## ##     ##       ## ##
     ##       #### ##     ## ######## ########  ##     ##  ######  ########

You're about to initialize a Firebase project in this directory:

  D:\my-react-app\52-bazaar

[info] 
=== Project Setup
[info] 
[info] First, let's associate this project directory with a Firebase project.
[info] You can create multiple project aliases by running firebase use --add, 
[info] but for now we'll just set up a default project.
[info] 
[debug] [2025-05-30T14:13:27.969Z] ExitPromptError: User force closed the prompt with SIGINT
    at Interface.sigint (C:\Users\Administrator\AppData\Roaming\npm\node_modules\firebase-tools\node_modules\@inquirer\core\dist\commonjs\lib\create-prompt.js:101:37)
    at Interface.emit (node:events:518:28)
    at Interface.emit (node:domain:489:12)
    at [_ttyWrite] [as _ttyWrite] (node:internal/readline/interface:1124:18)
    at ReadStream.onkeypress (node:internal/readline/interface:263:20)
    at ReadStream.emit (node:events:530:35)
    at ReadStream.emit (node:domain:489:12)
    at emitKeys (node:internal/readline/utils:370:14)
    at emitKeys.next (<anonymous>)
    at ReadStream.onData (node:internal/readline/emitKeypressEvents:64:36)
[error] 
[error] Error: An unexpected error has occurred.
